Library/Bee/Android/Prj/Mono2x/Gradle/unityLibrary/build/intermediates/manifest_merge_blame_file/release/manifest-merger-blame-release-report.txt
1<?xml version="1.0" encoding="utf-8"?>
2<manifest xmlns:android="http://schemas.android.com/apk/res/android"
3    xmlns:tools="http://schemas.android.com/tools"
4    package="com.unity3d.player" >
5
6    <uses-sdk
7        android:minSdkVersion="22"
7-->src/main/AndroidManifest.xml
8        android:targetSdkVersion="34" />
8-->src/main/AndroidManifest.xml
9
10    <uses-permission android:name="android.permission.INTERNET" />
10-->src/main/AndroidManifest.xml:3:3-65
10-->src/main/AndroidManifest.xml:3:20-62
11    <uses-permission android:name="android.permission.ACCESS_FINE_LOCATION" />
11-->src/main/AndroidManifest.xml:4:3-77
11-->src/main/AndroidManifest.xml:4:20-74
12    <uses-permission android:name="android.permission.ACCESS_COARSE_LOCATION" />
12-->src/main/AndroidManifest.xml:5:3-79
12-->src/main/AndroidManifest.xml:5:20-76
13
14    <uses-feature android:glEsVersion="0x00030000" />
14-->src/main/AndroidManifest.xml:6:3-52
14-->src/main/AndroidManifest.xml:6:17-49
15    <uses-feature
15-->src/main/AndroidManifest.xml:7:3-91
16        android:name="android.hardware.vulkan.version"
16-->src/main/AndroidManifest.xml:7:17-63
17        android:required="false" />
17-->src/main/AndroidManifest.xml:7:64-88
18    <uses-feature
18-->src/main/AndroidManifest.xml:8:3-89
19        android:name="android.hardware.location.gps"
19-->src/main/AndroidManifest.xml:8:17-61
20        android:required="false" />
20-->src/main/AndroidManifest.xml:8:62-86
21    <uses-feature
21-->src/main/AndroidManifest.xml:9:3-85
22        android:name="android.hardware.location"
22-->src/main/AndroidManifest.xml:9:17-57
23        android:required="false" />
23-->src/main/AndroidManifest.xml:9:58-82
24    <uses-feature
24-->src/main/AndroidManifest.xml:10:3-97
25        android:name="android.hardware.sensor.accelerometer"
25-->src/main/AndroidManifest.xml:10:17-69
26        android:required="false" />
26-->src/main/AndroidManifest.xml:10:70-94
27    <uses-feature
27-->src/main/AndroidManifest.xml:11:3-88
28        android:name="android.hardware.touchscreen"
28-->src/main/AndroidManifest.xml:11:17-60
29        android:required="false" />
29-->src/main/AndroidManifest.xml:11:61-85
30    <uses-feature
30-->src/main/AndroidManifest.xml:12:3-99
31        android:name="android.hardware.touchscreen.multitouch"
31-->src/main/AndroidManifest.xml:12:17-71
32        android:required="false" />
32-->src/main/AndroidManifest.xml:12:72-96
33    <uses-feature
33-->src/main/AndroidManifest.xml:13:3-108
34        android:name="android.hardware.touchscreen.multitouch.distinct"
34-->src/main/AndroidManifest.xml:13:17-80
35        android:required="false" />
35-->src/main/AndroidManifest.xml:13:81-105
36
37    <application android:extractNativeLibs="true" >
37-->src/main/AndroidManifest.xml:14:3-29:17
37-->src/main/AndroidManifest.xml:14:16-48
38        <meta-data
38-->src/main/AndroidManifest.xml:15:5-69
39            android:name="unity.splash-mode"
39-->src/main/AndroidManifest.xml:15:16-48
40            android:value="0" />
40-->src/main/AndroidManifest.xml:15:49-66
41        <meta-data
41-->src/main/AndroidManifest.xml:16:5-74
42            android:name="unity.splash-enable"
42-->src/main/AndroidManifest.xml:16:16-50
43            android:value="True" />
43-->src/main/AndroidManifest.xml:16:51-71
44        <meta-data
44-->src/main/AndroidManifest.xml:17:5-78
45            android:name="unity.launch-fullscreen"
45-->src/main/AndroidManifest.xml:17:16-54
46            android:value="True" />
46-->src/main/AndroidManifest.xml:17:55-75
47        <meta-data
47-->src/main/AndroidManifest.xml:18:5-84
48            android:name="unity.render-outside-safearea"
48-->src/main/AndroidManifest.xml:18:16-60
49            android:value="True" />
49-->src/main/AndroidManifest.xml:18:61-81
50        <meta-data
50-->src/main/AndroidManifest.xml:19:5-81
51            android:name="notch.config"
51-->src/main/AndroidManifest.xml:19:16-43
52            android:value="portrait|landscape" />
52-->src/main/AndroidManifest.xml:19:44-78
53        <meta-data
53-->src/main/AndroidManifest.xml:20:5-84
54            android:name="unity.auto-report-fully-drawn"
54-->src/main/AndroidManifest.xml:20:16-60
55            android:value="true" />
55-->src/main/AndroidManifest.xml:20:61-81
56
57        <activity
57-->src/main/AndroidManifest.xml:21:5-28:16
58            android:name="com.unity3d.player.UnityPlayerActivity"
58-->src/main/AndroidManifest.xml:21:15-68
59            android:configChanges="mcc|mnc|locale|touchscreen|keyboard|keyboardHidden|navigation|orientation|screenLayout|uiMode|screenSize|smallestScreenSize|fontScale|layoutDirection|density"
59-->src/main/AndroidManifest.xml:21:180-361
60            android:exported="true"
60-->src/main/AndroidManifest.xml:21:433-456
61            android:hardwareAccelerated="false"
61-->src/main/AndroidManifest.xml:21:397-432
62            android:launchMode="singleTask"
62-->src/main/AndroidManifest.xml:21:148-179
63            android:resizeableActivity="false"
63-->src/main/AndroidManifest.xml:21:362-396
64            android:screenOrientation="fullUser"
64-->src/main/AndroidManifest.xml:21:111-147
65            android:theme="@style/UnityThemeSelector" >
65-->src/main/AndroidManifest.xml:21:69-110
66            <intent-filter>
66-->src/main/AndroidManifest.xml:22:7-25:23
67                <category android:name="android.intent.category.LAUNCHER" />
67-->src/main/AndroidManifest.xml:23:9-69
67-->src/main/AndroidManifest.xml:23:19-66
68
69                <action android:name="android.intent.action.MAIN" />
69-->src/main/AndroidManifest.xml:24:9-61
69-->src/main/AndroidManifest.xml:24:17-58
70            </intent-filter>
71
72            <meta-data
72-->src/main/AndroidManifest.xml:26:7-82
73                android:name="unityplayer.UnityActivity"
73-->src/main/AndroidManifest.xml:26:18-58
74                android:value="true" />
74-->src/main/AndroidManifest.xml:26:59-79
75            <meta-data
75-->src/main/AndroidManifest.xml:27:7-70
76                android:name="notch_support"
76-->src/main/AndroidManifest.xml:27:18-46
77                android:value="true" />
77-->src/main/AndroidManifest.xml:27:47-67
78        </activity>
79    </application>
80
81</manifest>